<?xml version="1.0" encoding="UTF-8"?>
<!-- Generated by org.testng.reporters.JUnitXMLReporter -->
<testsuite ignored="2" hostname="DESKTOP-A6U5T84" failures="0" tests="0" name="TestRunner -2" time="0.202" errors="0" timestamp="2025-12-19T16:19:49 IST">
  <testcase classname="Generic_Utilities.BaseClass" name="@BeforeSuite connectToDb" time="0.0">
    <ignored/>
  </testcase> <!-- @BeforeSuite connectToDb -->
  <testcase classname="Generic_Utilities.BaseClass" name="@AfterSuite disconnectFromDB" time="0.0">
    <ignored/>
  </testcase> <!-- @AfterSuite disconnectFromDB -->
</testsuite> <!-- TestRunner -2 -->
