<?xml version="1.0" encoding="UTF-8"?>
<!-- Generated by org.testng.reporters.JUnitXMLReporter -->
<testsuite ignored="2" hostname="DESKTOP-A6U5T84" failures="1" tests="3" name="TestRunner -3" time="82.973" errors="0" timestamp="2025-12-19T16:21:12 IST">
  <testcase classname="Oppurtunities.CreateOppurWithOrgFieldsTest" name="CreateOppurWithOrgFieldsTest" time="31.71"/>
  <testcase classname="Oppurtunities.CreateOppurWithOrgFieldsTest" name="impact" time="0.005"/>
  <testcase classname="PriceBooks.CreatePriceBookWithMandatoryFieldTest" name="CreatePriceBookWithMandatoryFieldTest" time="14.86">
    <failure type="java.lang.AssertionError" message="null">
      <![CDATA[java.lang.AssertionError: null
at PriceBooks.CreatePriceBookWithMandatoryFieldTest.CreatePriceBookWithMandatoryFieldTest(CreatePriceBookWithMandatoryFieldTest.java:37)
at java.base/java.util.ArrayList.forEach(ArrayList.java:1596)
at java.base/java.util.concurrent.FutureTask.run(FutureTask.java:317)
at java.base/java.util.concurrent.ThreadPoolExecutor.runWorker(ThreadPoolExecutor.java:1144)
at java.base/java.util.concurrent.ThreadPoolExecutor$Worker.run(ThreadPoolExecutor.java:642)
at java.base/java.lang.Thread.run(Thread.java:1583)
... Removed 17 stack frames]]>
    </failure>
  </testcase> <!-- CreatePriceBookWithMandatoryFieldTest -->
  <testcase classname="Generic_Utilities.BaseClass" name="@BeforeSuite connectToDb" time="0.0">
    <ignored/>
  </testcase> <!-- @BeforeSuite connectToDb -->
  <testcase classname="Generic_Utilities.BaseClass" name="@AfterSuite disconnectFromDB" time="0.0">
    <ignored/>
  </testcase> <!-- @AfterSuite disconnectFromDB -->
</testsuite> <!-- TestRunner -3 -->
