<?xml version="1.0" encoding="UTF-8"?>
<!-- Generated by org.testng.reporters.JUnitXMLReporter -->
<testsuite ignored="2" hostname="DESKTOP-A6U5T84" failures="1" tests="8" name="TestRunner-3" time="212.961" errors="0" timestamp="2025-12-28T12:43:15 IST">
  <testcase classname="Contacts.ContactsTest" name="CreateContactWithMandatoryFieldsTest" time="14.397"/>
  <testcase classname="Contacts.ContactsTest" name="CreateContactWithOrgNameTest" time="43.721"/>
  <testcase classname="PriceBooks.CreatePriceBookWithMandatoryFieldTest" name="CreatePriceBookWithMandatoryFieldTest" time="13.631">
    <skipped/>
  </testcase> <!-- CreatePriceBookWithMandatoryFieldTest -->
  <testcase classname="PriceBooks.CreatePriceBookWithMandatoryFieldTest" name="CreatePriceBookWithMandatoryFieldTest" time="16.385">
    <skipped/>
  </testcase> <!-- CreatePriceBookWithMandatoryFieldTest -->
  <testcase classname="PriceBooks.CreatePriceBookWithMandatoryFieldTest" name="CreatePriceBookWithMandatoryFieldTest" time="16.115">
    <skipped/>
  </testcase> <!-- CreatePriceBookWithMandatoryFieldTest -->
  <testcase classname="PriceBooks.CreatePriceBookWithMandatoryFieldTest" name="CreatePriceBookWithMandatoryFieldTest" time="18.23">
    <skipped/>
  </testcase> <!-- CreatePriceBookWithMandatoryFieldTest -->
  <testcase classname="PriceBooks.CreatePriceBookWithMandatoryFieldTest" name="CreatePriceBookWithMandatoryFieldTest" time="21.796">
    <failure type="java.lang.AssertionError" message="null">
      <![CDATA[java.lang.AssertionError: null
at PriceBooks.CreatePriceBookWithMandatoryFieldTest.CreatePriceBookWithMandatoryFieldTest(CreatePriceBookWithMandatoryFieldTest.java:37)
at java.base/java.util.ArrayList.forEach(ArrayList.java:1596)
at java.base/java.util.concurrent.FutureTask.run(FutureTask.java:317)
at java.base/java.util.concurrent.ThreadPoolExecutor.runWorker(ThreadPoolExecutor.java:1144)
at java.base/java.util.concurrent.ThreadPoolExecutor$Worker.run(ThreadPoolExecutor.java:642)
at java.base/java.lang.Thread.run(Thread.java:1583)
... Removed 17 stack frames]]>
    </failure>
  </testcase> <!-- CreatePriceBookWithMandatoryFieldTest -->
  <testcase classname="Contacts.ContactsTest" name="impact" time="0.002"/>
  <testcase classname="Generic_Utilities.BaseClass" name="@BeforeSuite connectToDb" time="0.0">
    <ignored/>
  </testcase> <!-- @BeforeSuite connectToDb -->
  <testcase classname="Generic_Utilities.BaseClass" name="@AfterSuite disconnectFromDB" time="0.0">
    <ignored/>
  </testcase> <!-- @AfterSuite disconnectFromDB -->
</testsuite> <!-- TestRunner-3 -->
