<?xml version="1.0" encoding="UTF-8"?>
<!-- Generated by org.testng.reporters.JUnitXMLReporter -->
<testsuite ignored="14" hostname="DESKTOP-A6U5T84" failures="3" tests="21" name="Test" time="667.121" errors="0" timestamp="2025-12-29T16:24:25 IST">
  <testcase classname="Generic_Utilities.BaseClass" name="@AfterMethod logoutFromAppln" time="10.549">
    <failure type="org.openqa.selenium.TimeoutException" message="Expected condition failed: waiting for visibility of [[ChromeDriver: chrome on windows (abf719512b7bddf917f5aa82b155a3d3)] -&amp;gt; xpath: //a[@href=&amp;apos;index.php?module=Users&amp;amp;action=Logout&amp;apos;]] (tried for 10 second(s) with 500 milliseconds interval)
Build info: version: &amp;apos;4.34.0&amp;apos;, revision: &amp;apos;707dcb4246*&amp;apos;
System info: os.name: &amp;apos;Windows 11&amp;apos;, os.arch: &amp;apos;amd64&amp;apos;, os.version: &amp;apos;10.0&amp;apos;, java.version: &amp;apos;21.0.8&amp;apos;
Driver info: org.openqa.selenium.chrome.ChromeDriver
Capabilities {acceptInsecureCerts: false, browserName: chrome, browserVersion: 143.0.7499.170, chrome: {chromedriverVersion: 143.0.7499.169 (164b20aab62..., userDataDir: C:\Users\ASWATH~1\AppData\L...}, fedcm:accounts: true, goog:chromeOptions: {debuggerAddress: localhost:62625}, goog:processID: 31276, networkConnectionEnabled: false, pageLoadStrategy: normal, platformName: windows, proxy: Proxy(), se:cdp: ws://localhost:62625/devtoo..., se:cdpVersion: 143.0.7499.170, setWindowRect: true, strictFileInteractability: false, timeouts: {implicit: 0, pageLoad: 300000, script: 30000}, unhandledPromptBehavior: dismiss and notify, webauthn:extension:credBlob: true, webauthn:extension:largeBlob: true, webauthn:extension:minPinLength: true, webauthn:extension:prf: true, webauthn:virtualAuthenticators: true}
Session ID: abf719512b7bddf917f5aa82b155a3d3">
      <![CDATA[org.openqa.selenium.TimeoutException: Expected condition failed: waiting for visibility of [[ChromeDriver: chrome on windows (abf719512b7bddf917f5aa82b155a3d3)] -> xpath: //a[@href='index.php?module=Users&action=Logout']] (tried for 10 second(s) with 500 milliseconds interval)
Build info: version: '4.34.0', revision: '707dcb4246*'
System info: os.name: 'Windows 11', os.arch: 'amd64', os.version: '10.0', java.version: '21.0.8'
Driver info: org.openqa.selenium.chrome.ChromeDriver
Capabilities {acceptInsecureCerts: false, browserName: chrome, browserVersion: 143.0.7499.170, chrome: {chromedriverVersion: 143.0.7499.169 (164b20aab62..., userDataDir: C:\Users\ASWATH~1\AppData\L...}, fedcm:accounts: true, goog:chromeOptions: {debuggerAddress: localhost:62625}, goog:processID: 31276, networkConnectionEnabled: false, pageLoadStrategy: normal, platformName: windows, proxy: Proxy(), se:cdp: ws://localhost:62625/devtoo..., se:cdpVersion: 143.0.7499.170, setWindowRect: true, strictFileInteractability: false, timeouts: {implicit: 0, pageLoad: 300000, script: 30000}, unhandledPromptBehavior: dismiss and notify, webauthn:extension:credBlob: true, webauthn:extension:largeBlob: true, webauthn:extension:minPinLength: true, webauthn:extension:prf: true, webauthn:virtualAuthenticators: true}
Session ID: abf719512b7bddf917f5aa82b155a3d3
at org.openqa.selenium.support.ui.WebDriverWait.timeoutException(WebDriverWait.java:84)
at org.openqa.selenium.support.ui.FluentWait.until(FluentWait.java:228)
at Generic_Utilities.WebDriverUtils.waitUntilElementToBeVisible(WebDriverUtils.java:49)
at ObjectRepo.HomePage.signOutApplication(HomePage.java:177)
at Generic_Utilities.BaseClass.logoutFromAppln(BaseClass.java:93)
at java.base/java.util.ArrayList.forEach(ArrayList.java:1596)
... Removed 30 stack frames]]>
    </failure>
  </testcase> <!-- @AfterMethod logoutFromAppln -->
  <testcase classname="Generic_Utilities.BaseClass" name="@BeforeMethod loginToAppln" time="10.052">
    <failure type="org.openqa.selenium.NoSuchElementException" message="no such element: Unable to locate element: {&amp;quot;method&amp;quot;:&amp;quot;css selector&amp;quot;,&amp;quot;selector&amp;quot;:&amp;quot;*[name=&amp;apos;user_name&amp;apos;]&amp;quot;}
  (Session info: chrome=143.0.7499.170)
For documentation on this error, please visit: https://www.selenium.dev/documentation/webdriver/troubleshooting/errors#no-such-element-exception
Build info: version: &amp;apos;4.34.0&amp;apos;, revision: &amp;apos;707dcb4246*&amp;apos;
System info: os.name: &amp;apos;Windows 11&amp;apos;, os.arch: &amp;apos;amd64&amp;apos;, os.version: &amp;apos;10.0&amp;apos;, java.version: &amp;apos;21.0.8&amp;apos;
Driver info: org.openqa.selenium.chrome.ChromeDriver
Command: [abf719512b7bddf917f5aa82b155a3d3, findElement {using=name, value=user_name}]
Capabilities {acceptInsecureCerts: false, browserName: chrome, browserVersion: 143.0.7499.170, chrome: {chromedriverVersion: 143.0.7499.169 (164b20aab62..., userDataDir: C:\Users\ASWATH~1\AppData\L...}, fedcm:accounts: true, goog:chromeOptions: {debuggerAddress: localhost:62625}, goog:processID: 31276, networkConnectionEnabled: false, pageLoadStrategy: normal, platformName: windows, proxy: Proxy(), se:cdp: ws://localhost:62625/devtoo..., se:cdpVersion: 143.0.7499.170, setWindowRect: true, strictFileInteractability: false, timeouts: {implicit: 0, pageLoad: 300000, script: 30000}, unhandledPromptBehavior: dismiss and notify, webauthn:extension:credBlob: true, webauthn:extension:largeBlob: true, webauthn:extension:minPinLength: true, webauthn:extension:prf: true, webauthn:virtualAuthenticators: true}
Session ID: abf719512b7bddf917f5aa82b155a3d3">
      <![CDATA[org.openqa.selenium.NoSuchElementException: no such element: Unable to locate element: {"method":"css selector","selector":"*[name='user_name']"}
  (Session info: chrome=143.0.7499.170)
For documentation on this error, please visit: https://www.selenium.dev/documentation/webdriver/troubleshooting/errors#no-such-element-exception
Build info: version: '4.34.0', revision: '707dcb4246*'
System info: os.name: 'Windows 11', os.arch: 'amd64', os.version: '10.0', java.version: '21.0.8'
Driver info: org.openqa.selenium.chrome.ChromeDriver
Command: [abf719512b7bddf917f5aa82b155a3d3, findElement {using=name, value=user_name}]
Capabilities {acceptInsecureCerts: false, browserName: chrome, browserVersion: 143.0.7499.170, chrome: {chromedriverVersion: 143.0.7499.169 (164b20aab62..., userDataDir: C:\Users\ASWATH~1\AppData\L...}, fedcm:accounts: true, goog:chromeOptions: {debuggerAddress: localhost:62625}, goog:processID: 31276, networkConnectionEnabled: false, pageLoadStrategy: normal, platformName: windows, proxy: Proxy(), se:cdp: ws://localhost:62625/devtoo..., se:cdpVersion: 143.0.7499.170, setWindowRect: true, strictFileInteractability: false, timeouts: {implicit: 0, pageLoad: 300000, script: 30000}, unhandledPromptBehavior: dismiss and notify, webauthn:extension:credBlob: true, webauthn:extension:largeBlob: true, webauthn:extension:minPinLength: true, webauthn:extension:prf: true, webauthn:virtualAuthenticators: true}
Session ID: abf719512b7bddf917f5aa82b155a3d3
at org.openqa.selenium.remote.ErrorCodec.decode(ErrorCodec.java:167)
at org.openqa.selenium.remote.codec.w3c.W3CHttpResponseCodec.decode(W3CHttpResponseCodec.java:138)
at org.openqa.selenium.remote.codec.w3c.W3CHttpResponseCodec.decode(W3CHttpResponseCodec.java:50)
at org.openqa.selenium.remote.HttpCommandExecutor.execute(HttpCommandExecutor.java:215)
at org.openqa.selenium.remote.service.DriverCommandExecutor.invokeExecute(DriverCommandExecutor.java:216)
at org.openqa.selenium.remote.service.DriverCommandExecutor.execute(DriverCommandExecutor.java:174)
at org.openqa.selenium.remote.RemoteWebDriver.execute(RemoteWebDriver.java:544)
at org.openqa.selenium.remote.ElementLocation$ElementFinder$2.findElement(ElementLocation.java:165)
at org.openqa.selenium.remote.ElementLocation.findElement(ElementLocation.java:59)
at org.openqa.selenium.remote.RemoteWebDriver.findElement(RemoteWebDriver.java:367)
at org.openqa.selenium.remote.RemoteWebDriver.findElement(RemoteWebDriver.java:361)
at org.openqa.selenium.support.pagefactory.DefaultElementLocator.findElement(DefaultElementLocator.java:68)
at org.openqa.selenium.support.pagefactory.internal.LocatingElementHandler.invoke(LocatingElementHandler.java:38)
at jdk.proxy2/jdk.proxy2.$Proxy18.sendKeys(Unknown Source)
at ObjectRepo.LoginPage.loginToApplication(LoginPage.java:43)
at Generic_Utilities.BaseClass.loginToAppln(BaseClass.java:85)
at java.base/java.util.ArrayList.forEach(ArrayList.java:1596)
... Removed 32 stack frames]]>
    </failure>
  </testcase> <!-- @BeforeMethod loginToAppln -->
  <testcase classname="LoginModule.LoginModuleOfVtigerCRMTest" name="LoginModuleOfVtigerCRMTest" time="5.239"/>
  <testcase classname="Organizations.OrganizationTest" name="CreateOrgWithMandatoryFieldsTest" time="19.261"/>
  <testcase classname="Organizations.OrganizationTest" name="CreateOrgWithIndustryDDTest" time="20.92">
    <failure type="java.lang.AssertionError" message="null">
      <![CDATA[java.lang.AssertionError: null
at Organizations.OrganizationTest.CreateOrgWithIndustryDDTest(OrganizationTest.java:65)
at java.base/java.util.ArrayList.forEach(ArrayList.java:1596)
... Removed 27 stack frames]]>
    </failure>
  </testcase> <!-- CreateOrgWithIndustryDDTest -->
  <testcase classname="Contacts.ContactsTest" name="CreateContactWithMandatoryFieldsTest" time="19.266"/>
  <testcase classname="Contacts.ContactsTest" name="CreateContactWithOrgNameTest" time="42.534"/>
  <testcase classname="Contacts.ContactsTest" name="impact" time="0.002"/>
  <testcase classname="Oppurtunities.CreateOppurWithOrgFieldsTest" name="CreateOppurWithOrgFieldsTest" time="33.669"/>
  <testcase classname="Oppurtunities.CreateOppurWithOrgFieldsTest" name="impact" time="0.002"/>
  <testcase classname="Campaigns.CreateCampaignsWithMandatoryFieldTest" name="CreateCampaignsWithMandatoryFieldTest" time="14.551">
    <skipped/>
  </testcase> <!-- CreateCampaignsWithMandatoryFieldTest -->
  <testcase classname="Campaigns.CreateCampaignsWithMandatoryFieldTest" name="CreateCampaignsWithMandatoryFieldTest" time="20.686">
    <skipped/>
  </testcase> <!-- CreateCampaignsWithMandatoryFieldTest -->
  <testcase classname="Campaigns.CreateCampaignsWithMandatoryFieldTest" name="CreateCampaignsWithMandatoryFieldTest" time="20.261">
    <skipped/>
  </testcase> <!-- CreateCampaignsWithMandatoryFieldTest -->
  <testcase classname="Campaigns.CreateCampaignsWithMandatoryFieldTest" name="CreateCampaignsWithMandatoryFieldTest" time="28.663">
    <skipped/>
  </testcase> <!-- CreateCampaignsWithMandatoryFieldTest -->
  <testcase classname="Campaigns.CreateCampaignsWithMandatoryFieldTest" name="CreateCampaignsWithMandatoryFieldTest" time="24.163">
    <failure type="java.lang.AssertionError" message="null">
      <![CDATA[java.lang.AssertionError: null
at Campaigns.CreateCampaignsWithMandatoryFieldTest.CreateCampaignsWithMandatoryFieldTest(CreateCampaignsWithMandatoryFieldTest.java:37)
at java.base/java.util.ArrayList.forEach(ArrayList.java:1596)
... Removed 27 stack frames]]>
    </failure>
  </testcase> <!-- CreateCampaignsWithMandatoryFieldTest -->
  <testcase classname="Vendors.CreatingVendorWithMandatoryFieldTest" name="CreatingVendorWithMandatoryFieldTest" time="20.388"/>
  <testcase classname="PriceBooks.CreatePriceBookWithMandatoryFieldTest" name="CreatePriceBookWithMandatoryFieldTest" time="18.653">
    <skipped/>
  </testcase> <!-- CreatePriceBookWithMandatoryFieldTest -->
  <testcase classname="PriceBooks.CreatePriceBookWithMandatoryFieldTest" name="CreatePriceBookWithMandatoryFieldTest" time="24.017">
    <skipped/>
  </testcase> <!-- CreatePriceBookWithMandatoryFieldTest -->
  <testcase classname="PriceBooks.CreatePriceBookWithMandatoryFieldTest" name="CreatePriceBookWithMandatoryFieldTest" time="21.305">
    <skipped/>
  </testcase> <!-- CreatePriceBookWithMandatoryFieldTest -->
  <testcase classname="PriceBooks.CreatePriceBookWithMandatoryFieldTest" name="CreatePriceBookWithMandatoryFieldTest" time="20.536">
    <skipped/>
  </testcase> <!-- CreatePriceBookWithMandatoryFieldTest -->
  <testcase classname="PriceBooks.CreatePriceBookWithMandatoryFieldTest" name="CreatePriceBookWithMandatoryFieldTest" time="15.661">
    <failure type="java.lang.AssertionError" message="null">
      <![CDATA[java.lang.AssertionError: null
at PriceBooks.CreatePriceBookWithMandatoryFieldTest.CreatePriceBookWithMandatoryFieldTest(CreatePriceBookWithMandatoryFieldTest.java:37)
at java.base/java.util.ArrayList.forEach(ArrayList.java:1596)
... Removed 27 stack frames]]>
    </failure>
  </testcase> <!-- CreatePriceBookWithMandatoryFieldTest -->
  <testcase classname="PurchaseOrder.PurchaseOrderUsingVendorNameAndProductNameTest" name="PurchaseOrderUsingVendorNameAndProductNameTest" time="16.389">
    <skipped/>
  </testcase> <!-- PurchaseOrderUsingVendorNameAndProductNameTest -->
  <testcase classname="PurchaseOrder.PurchaseOrderUsingVendorNameAndProductNameTest" name="PurchaseOrderUsingVendorNameAndProductNameTest" time="75.345"/>
  <testcase classname="Generic_Utilities.BaseClass" name="@AfterSuite disconnectFromDB" time="0.0">
    <ignored/>
  </testcase> <!-- @AfterSuite disconnectFromDB -->
  <testcase classname="Generic_Utilities.BaseClass" name="@BeforeSuite connectToDb" time="0.0">
    <ignored/>
  </testcase> <!-- @BeforeSuite connectToDb -->
  <testcase classname="Generic_Utilities.BaseClass" name="@BeforeSuite connectToDb" time="0.0">
    <ignored/>
  </testcase> <!-- @BeforeSuite connectToDb -->
  <testcase classname="Generic_Utilities.BaseClass" name="@AfterSuite disconnectFromDB" time="0.0">
    <ignored/>
  </testcase> <!-- @AfterSuite disconnectFromDB -->
  <testcase classname="Generic_Utilities.BaseClass" name="@AfterSuite disconnectFromDB" time="0.0">
    <ignored/>
  </testcase> <!-- @AfterSuite disconnectFromDB -->
  <testcase classname="Generic_Utilities.BaseClass" name="@BeforeSuite connectToDb" time="0.0">
    <ignored/>
  </testcase> <!-- @BeforeSuite connectToDb -->
  <testcase classname="Generic_Utilities.BaseClass" name="@AfterSuite disconnectFromDB" time="0.0">
    <ignored/>
  </testcase> <!-- @AfterSuite disconnectFromDB -->
  <testcase classname="Generic_Utilities.BaseClass" name="@AfterSuite disconnectFromDB" time="0.0">
    <ignored/>
  </testcase> <!-- @AfterSuite disconnectFromDB -->
  <testcase classname="Generic_Utilities.BaseClass" name="@AfterSuite disconnectFromDB" time="0.0">
    <ignored/>
  </testcase> <!-- @AfterSuite disconnectFromDB -->
  <testcase classname="Generic_Utilities.BaseClass" name="@BeforeSuite connectToDb" time="0.0">
    <ignored/>
  </testcase> <!-- @BeforeSuite connectToDb -->
  <testcase classname="Generic_Utilities.BaseClass" name="@AfterSuite disconnectFromDB" time="0.0">
    <ignored/>
  </testcase> <!-- @AfterSuite disconnectFromDB -->
  <testcase classname="Generic_Utilities.BaseClass" name="@BeforeSuite connectToDb" time="0.0">
    <ignored/>
  </testcase> <!-- @BeforeSuite connectToDb -->
  <testcase classname="Generic_Utilities.BaseClass" name="@BeforeSuite connectToDb" time="0.0">
    <ignored/>
  </testcase> <!-- @BeforeSuite connectToDb -->
  <testcase classname="Generic_Utilities.BaseClass" name="@BeforeSuite connectToDb" time="0.0">
    <ignored/>
  </testcase> <!-- @BeforeSuite connectToDb -->
</testsuite> <!-- Test -->
