<?xml version="1.0" encoding="UTF-8"?>
<!-- Generated by org.testng.reporters.JUnitXMLReporter -->
<testsuite ignored="2" hostname="DESKTOP-A6U5T84" failures="1" tests="6" name="TestRunner-2" time="195.37" errors="0" timestamp="2025-12-28T12:42:57 IST">
  <testcase classname="Campaigns.CreateCampaignsWithMandatoryFieldTest" name="CreateCampaignsWithMandatoryFieldTest" time="13.793">
    <skipped/>
  </testcase> <!-- CreateCampaignsWithMandatoryFieldTest -->
  <testcase classname="Campaigns.CreateCampaignsWithMandatoryFieldTest" name="CreateCampaignsWithMandatoryFieldTest" time="25.801">
    <skipped/>
  </testcase> <!-- CreateCampaignsWithMandatoryFieldTest -->
  <testcase classname="Campaigns.CreateCampaignsWithMandatoryFieldTest" name="CreateCampaignsWithMandatoryFieldTest" time="17.954">
    <skipped/>
  </testcase> <!-- CreateCampaignsWithMandatoryFieldTest -->
  <testcase classname="Campaigns.CreateCampaignsWithMandatoryFieldTest" name="CreateCampaignsWithMandatoryFieldTest" time="15.257">
    <skipped/>
  </testcase> <!-- CreateCampaignsWithMandatoryFieldTest -->
  <testcase classname="Campaigns.CreateCampaignsWithMandatoryFieldTest" name="CreateCampaignsWithMandatoryFieldTest" time="21.374">
    <failure type="java.lang.AssertionError" message="null">
      <![CDATA[java.lang.AssertionError: null
at Campaigns.CreateCampaignsWithMandatoryFieldTest.CreateCampaignsWithMandatoryFieldTest(CreateCampaignsWithMandatoryFieldTest.java:37)
at java.base/java.util.ArrayList.forEach(ArrayList.java:1596)
at java.base/java.util.concurrent.FutureTask.run(FutureTask.java:317)
at java.base/java.util.concurrent.ThreadPoolExecutor.runWorker(ThreadPoolExecutor.java:1144)
at java.base/java.util.concurrent.ThreadPoolExecutor$Worker.run(ThreadPoolExecutor.java:642)
at java.base/java.lang.Thread.run(Thread.java:1583)
... Removed 17 stack frames]]>
    </failure>
  </testcase> <!-- CreateCampaignsWithMandatoryFieldTest -->
  <testcase classname="PurchaseOrder.PurchaseOrderUsingVendorNameAndProductNameTest" name="PurchaseOrderUsingVendorNameAndProductNameTest" time="57.346"/>
  <testcase classname="Generic_Utilities.BaseClass" name="@AfterSuite disconnectFromDB" time="0.0">
    <ignored/>
  </testcase> <!-- @AfterSuite disconnectFromDB -->
  <testcase classname="Generic_Utilities.BaseClass" name="@BeforeSuite connectToDb" time="0.0">
    <ignored/>
  </testcase> <!-- @BeforeSuite connectToDb -->
</testsuite> <!-- TestRunner-2 -->
