<?xml version="1.0" encoding="UTF-8"?>
<!-- Generated by org.testng.reporters.JUnitXMLReporter -->
<testsuite ignored="0" hostname="DESKTOP-A6U5T84" failures="0" tests="5" name="TestRunner -1" time="65.758" errors="0" timestamp="2025-12-17T13:18:16 IST">
  <testcase classname="Testng_practice.SampleTest2" name="impact" time="0.013"/>
  <testcase classname="Testng_practice.SampleTest2" name="sample_m1" time="0.006"/>
  <testcase classname="Testng_practice.SampleTest2" name="sample_m2" time="0.005"/>
  <testcase classname="Testng_practice.SampleTest2" name="sample_m3" time="0.003"/>
  <testcase classname="Testng_practice.SampleTest2" name="sample_m4" time="0.002"/>
</testsuite> <!-- TestRunner -1 -->
