<?xml version="1.0" encoding="UTF-8"?>
<!-- Generated by org.testng.reporters.JUnitXMLReporter -->
<testsuite ignored="4" hostname="DESKTOP-A6U5T84" failures="1" tests="5" name="TestRunner-1" time="146.04" errors="0" timestamp="2025-12-28T12:42:08 IST">
  <testcase classname="Organizations.OrganizationTest" name="CreateOrgWithMandatoryFieldsTest" time="15.527"/>
  <testcase classname="Organizations.OrganizationTest" name="CreateOrgWithIndustryDDTest" time="23.268">
    <failure type="java.lang.AssertionError" message="null">
      <![CDATA[java.lang.AssertionError: null
at Organizations.OrganizationTest.CreateOrgWithIndustryDDTest(OrganizationTest.java:65)
at java.base/java.util.ArrayList.forEach(ArrayList.java:1596)
at java.base/java.util.concurrent.FutureTask.run(FutureTask.java:317)
at java.base/java.util.concurrent.ThreadPoolExecutor.runWorker(ThreadPoolExecutor.java:1144)
at java.base/java.util.concurrent.ThreadPoolExecutor$Worker.run(ThreadPoolExecutor.java:642)
at java.base/java.lang.Thread.run(Thread.java:1583)
... Removed 17 stack frames]]>
    </failure>
  </testcase> <!-- CreateOrgWithIndustryDDTest -->
  <testcase classname="Oppurtunities.CreateOppurWithOrgFieldsTest" name="CreateOppurWithOrgFieldsTest" time="34.801"/>
  <testcase classname="Vendors.CreatingVendorWithMandatoryFieldTest" name="CreatingVendorWithMandatoryFieldTest" time="14.789"/>
  <testcase classname="Oppurtunities.CreateOppurWithOrgFieldsTest" name="impact" time="0.002"/>
  <testcase classname="Generic_Utilities.BaseClass" name="@BeforeSuite connectToDb" time="0.0">
    <ignored/>
  </testcase> <!-- @BeforeSuite connectToDb -->
  <testcase classname="Generic_Utilities.BaseClass" name="@AfterSuite disconnectFromDB" time="0.0">
    <ignored/>
  </testcase> <!-- @AfterSuite disconnectFromDB -->
  <testcase classname="Generic_Utilities.BaseClass" name="@AfterSuite disconnectFromDB" time="0.0">
    <ignored/>
  </testcase> <!-- @AfterSuite disconnectFromDB -->
  <testcase classname="Generic_Utilities.BaseClass" name="@BeforeSuite connectToDb" time="0.0">
    <ignored/>
  </testcase> <!-- @BeforeSuite connectToDb -->
</testsuite> <!-- TestRunner-1 -->
