<?xml version="1.0" encoding="UTF-8"?>
<testng-results ignored="0" total="1" passed="1" failed="0" skipped="0">
  <reporter-output>
  </reporter-output>
  <suite started-at="2025-12-29T17:23:32 IST" name="Default suite" finished-at="2025-12-29T17:23:32 IST" duration-ms="49">
    <groups>
    </groups>
    <test started-at="2025-12-29T17:23:32 IST" name="Default test" finished-at="2025-12-29T17:23:32 IST" duration-ms="49">
      <class name="practise_package.ReadDataFromCmdlineTest">
        <test-method signature="cmdLine()[pri:0, instance:practise_package.ReadDataFromCmdlineTest@6aeb35e6]" started-at="2025-12-29T17:23:32 IST" name="cmdLine" finished-at="2025-12-29T17:23:32 IST" duration-ms="9" status="PASS">
          <reporter-output>
          </reporter-output>
        </test-method> <!-- cmdLine -->
      </class> <!-- practise_package.ReadDataFromCmdlineTest -->
    </test> <!-- Default test -->
  </suite> <!-- Default suite -->
</testng-results>
