<?xml version="1.0" encoding="UTF-8"?>
<!-- Generated by org.testng.reporters.JUnitReportReporter -->
<testsuite hostname="DESKTOP-A6U5T84" failures="0" tests="2" name="PurchaseOrder.PurchaseOrderUsingVendorNameAndProductNameTest" time="99.852" errors="0" timestamp="2025-12-29T16:24:25 IST" skipped="1">
  <testcase classname="PurchaseOrder.PurchaseOrderUsingVendorNameAndProductNameTest" name="PurchaseOrderUsingVendorNameAndProductNameTest" time="20.388">
    <skipped/>
  </testcase> <!-- PurchaseOrderUsingVendorNameAndProductNameTest -->
  <testcase classname="PurchaseOrder.PurchaseOrderUsingVendorNameAndProductNameTest" name="PurchaseOrderUsingVendorNameAndProductNameTest" time="79.464">
    <system-out>
      <![CDATA[Vendor is created successfully
Product is created successfully
Purchase Order is created successfully]]>
    </system-out>
  </testcase> <!-- PurchaseOrderUsingVendorNameAndProductNameTest -->
  <system-out>
    <![CDATA[Organization is created successfully
Organization is created successfully
Organization is created successfully
Organization is created successfully
Oppurtunity is created successfully
Vendor is created successfully
PriceBook is created successfully
PriceBook is created successfully
PriceBook is created successfully
PriceBook is created successfully
PriceBook is created successfully
Vendor is created successfully
Product is created successfully
Purchase Order is created successfully]]>
  </system-out>
</testsuite> <!-- PurchaseOrder.PurchaseOrderUsingVendorNameAndProductNameTest -->
