<?xml version="1.0" encoding="UTF-8"?>
<!-- Generated by org.testng.reporters.JUnitReportReporter -->
<testsuite hostname="DESKTOP-A6U5T84" failures="0" tests="3" name="Contacts.ContactsTest" time="90.458" errors="0" timestamp="2025-12-29T16:24:26 IST" skipped="0">
  <testcase classname="Contacts.ContactsTest" name="CreateContactWithMandatoryFieldsTest" time="37.376"/>
  <testcase classname="Contacts.ContactsTest" name="CreateContactWithOrgNameTest" time="50.288">
    <system-out>
      <![CDATA[Organization is created successfully]]>
    </system-out>
  </testcase> <!-- CreateContactWithOrgNameTest -->
  <testcase classname="Contacts.ContactsTest" name="impact" time="2.794"/>
  <system-out>
    <![CDATA[Organization is created successfully
Organization is created successfully
Organization is created successfully
Organization is created successfully
Oppurtunity is created successfully
Vendor is created successfully
PriceBook is created successfully
PriceBook is created successfully
PriceBook is created successfully
PriceBook is created successfully
PriceBook is created successfully
Vendor is created successfully
Product is created successfully
Purchase Order is created successfully]]>
  </system-out>
</testsuite> <!-- Contacts.ContactsTest -->
