<?xml version="1.0" encoding="UTF-8"?>
<!-- Generated by org.testng.reporters.JUnitReportReporter -->
<testsuite hostname="DESKTOP-A6U5T84" failures="0" tests="3" name="Testng_practice.RunningDataProviderTest" time="0.012" errors="0" timestamp="2025-12-16T11:34:30 IST" skipped="0">
  <testcase classname="Testng_practice.RunningDataProviderTest" name="getData" time="0.003"/>
  <testcase classname="Testng_practice.RunningDataProviderTest" name="getData" time="0.005"/>
  <testcase classname="Testng_practice.RunningDataProviderTest" name="getData" time="0.004"/>
</testsuite> <!-- Testng_practice.RunningDataProviderTest -->
