<?xml version="1.0" encoding="UTF-8"?>
<!-- Generated by org.testng.reporters.JUnitReportReporter -->
<testsuite hostname="DESKTOP-A6U5T84" failures="0" tests="4" name="Testng_practice.DP_genericTest" time="0.014" errors="0" timestamp="2025-12-16T12:29:12 IST" skipped="0">
  <testcase classname="Testng_practice.DP_genericTest" name="execute" time="0.006"/>
  <testcase classname="Testng_practice.DP_genericTest" name="execute" time="0.002"/>
  <testcase classname="Testng_practice.DP_genericTest" name="execute" time="0.003"/>
  <testcase classname="Testng_practice.DP_genericTest" name="execute" time="0.003"/>
</testsuite> <!-- Testng_practice.DP_genericTest -->
