<?xml version="1.0" encoding="UTF-8"?>
<!-- Generated by org.testng.reporters.JUnitReportReporter -->
<testsuite hostname="DESKTOP-A6U5T84" failures="0" tests="1" name="Vendors.CreatingVendorWithMandatoryFieldTest" time="29.917" errors="0" timestamp="2025-12-29T16:24:25 IST" skipped="0">
  <testcase classname="Vendors.CreatingVendorWithMandatoryFieldTest" name="CreatingVendorWithMandatoryFieldTest" time="29.917">
    <system-out>
      <![CDATA[Vendor is created successfully]]>
    </system-out>
  </testcase> <!-- CreatingVendorWithMandatoryFieldTest -->
  <system-out>
    <![CDATA[Organization is created successfully
Organization is created successfully
Organization is created successfully
Organization is created successfully
Oppurtunity is created successfully
Vendor is created successfully
PriceBook is created successfully
PriceBook is created successfully
PriceBook is created successfully
PriceBook is created successfully
PriceBook is created successfully
Vendor is created successfully
Product is created successfully
Purchase Order is created successfully]]>
  </system-out>
</testsuite> <!-- Vendors.CreatingVendorWithMandatoryFieldTest -->
